<?xml version="1.0" encoding="utf-8"?><testsuites><testsuite name="pytest" errors="0" failures="0" skipped="39" tests="48" time="3.838" timestamp="2023-11-14T21:20:29.100625" hostname="apcmc2023.local"><testcase classname="src.wf_psf.__init__" name="BLACK" time="0.035"><skipped type="pytest.skip" message="file(s) previously passed black format checks">/Users/jenniferpollack/miniconda/envs/wf-psf/lib/python3.10/site-packages/pytest_black.py:67: file(s) previously passed black format checks</skipped></testcase><testcase classname="src.wf_psf.run" name="BLACK" time="0.000"><skipped type="pytest.skip" message="file(s) previously passed black format checks">/Users/jenniferpollack/miniconda/envs/wf-psf/lib/python3.10/site-packages/pytest_black.py:67: file(s) previously passed black format checks</skipped></testcase><testcase classname="src.wf_psf.data.__init__" name="BLACK" time="0.000"><skipped type="pytest.skip" message="file(s) previously passed black format checks">/Users/jenniferpollack/miniconda/envs/wf-psf/lib/python3.10/site-packages/pytest_black.py:67: file(s) previously passed black format checks</skipped></testcase><testcase classname="src.wf_psf.data.training_preprocessing" name="BLACK" time="0.000"><skipped type="pytest.skip" message="file(s) previously passed black format checks">/Users/jenniferpollack/miniconda/envs/wf-psf/lib/python3.10/site-packages/pytest_black.py:67: file(s) previously passed black format checks</skipped></testcase><testcase classname="src.wf_psf.metrics.__init__" name="BLACK" time="0.000"><skipped type="pytest.skip" message="file(s) previously passed black format checks">/Users/jenniferpollack/miniconda/envs/wf-psf/lib/python3.10/site-packages/pytest_black.py:67: file(s) previously passed black format checks</skipped></testcase><testcase classname="src.wf_psf.metrics.metrics" name="BLACK" time="0.000"><skipped type="pytest.skip" message="file(s) previously passed black format checks">/Users/jenniferpollack/miniconda/envs/wf-psf/lib/python3.10/site-packages/pytest_black.py:67: file(s) previously passed black format checks</skipped></testcase><testcase classname="src.wf_psf.metrics.metrics_interface" name="BLACK" time="0.000"><skipped type="pytest.skip" message="file(s) previously passed black format checks">/Users/jenniferpollack/miniconda/envs/wf-psf/lib/python3.10/site-packages/pytest_black.py:67: file(s) previously passed black format checks</skipped></testcase><testcase classname="src.wf_psf.plotting.__init__" name="BLACK" time="0.000"><skipped type="pytest.skip" message="file(s) previously passed black format checks">/Users/jenniferpollack/miniconda/envs/wf-psf/lib/python3.10/site-packages/pytest_black.py:67: file(s) previously passed black format checks</skipped></testcase><testcase classname="src.wf_psf.plotting.plots_interface" name="BLACK" time="0.000"><skipped type="pytest.skip" message="file(s) previously passed black format checks">/Users/jenniferpollack/miniconda/envs/wf-psf/lib/python3.10/site-packages/pytest_black.py:67: file(s) previously passed black format checks</skipped></testcase><testcase classname="src.wf_psf.psf_models.__init__" name="BLACK" time="0.000"><skipped type="pytest.skip" message="file(s) previously passed black format checks">/Users/jenniferpollack/miniconda/envs/wf-psf/lib/python3.10/site-packages/pytest_black.py:67: file(s) previously passed black format checks</skipped></testcase><testcase classname="src.wf_psf.psf_models.psf_model_parametric" name="BLACK" time="0.000"><skipped type="pytest.skip" message="file(s) previously passed black format checks">/Users/jenniferpollack/miniconda/envs/wf-psf/lib/python3.10/site-packages/pytest_black.py:67: file(s) previously passed black format checks</skipped></testcase><testcase classname="src.wf_psf.psf_models.psf_model_semiparametric" name="BLACK" time="0.000"><skipped type="pytest.skip" message="file(s) previously passed black format checks">/Users/jenniferpollack/miniconda/envs/wf-psf/lib/python3.10/site-packages/pytest_black.py:67: file(s) previously passed black format checks</skipped></testcase><testcase classname="src.wf_psf.psf_models.psf_models" name="BLACK" time="0.000"><skipped type="pytest.skip" message="file(s) previously passed black format checks">/Users/jenniferpollack/miniconda/envs/wf-psf/lib/python3.10/site-packages/pytest_black.py:67: file(s) previously passed black format checks</skipped></testcase><testcase classname="src.wf_psf.psf_models.tf_layers" name="BLACK" time="0.000"><skipped type="pytest.skip" message="file(s) previously passed black format checks">/Users/jenniferpollack/miniconda/envs/wf-psf/lib/python3.10/site-packages/pytest_black.py:67: file(s) previously passed black format checks</skipped></testcase><testcase classname="src.wf_psf.psf_models.tf_modules" name="BLACK" time="0.000"><skipped type="pytest.skip" message="file(s) previously passed black format checks">/Users/jenniferpollack/miniconda/envs/wf-psf/lib/python3.10/site-packages/pytest_black.py:67: file(s) previously passed black format checks</skipped></testcase><testcase classname="src.wf_psf.psf_models.tf_psf_field" name="BLACK" time="0.000"><skipped type="pytest.skip" message="file(s) previously passed black format checks">/Users/jenniferpollack/miniconda/envs/wf-psf/lib/python3.10/site-packages/pytest_black.py:67: file(s) previously passed black format checks</skipped></testcase><testcase classname="src.wf_psf.psf_models.zernikes" name="BLACK" time="0.000"><skipped type="pytest.skip" message="file(s) previously passed black format checks">/Users/jenniferpollack/miniconda/envs/wf-psf/lib/python3.10/site-packages/pytest_black.py:67: file(s) previously passed black format checks</skipped></testcase><testcase classname="src.wf_psf.sims.__init__" name="BLACK" time="0.000"><skipped type="pytest.skip" message="file(s) previously passed black format checks">/Users/jenniferpollack/miniconda/envs/wf-psf/lib/python3.10/site-packages/pytest_black.py:67: file(s) previously passed black format checks</skipped></testcase><testcase classname="src.wf_psf.sims.SimPSFToolkit" name="BLACK" time="0.000"><skipped type="pytest.skip" message="file(s) previously passed black format checks">/Users/jenniferpollack/miniconda/envs/wf-psf/lib/python3.10/site-packages/pytest_black.py:67: file(s) previously passed black format checks</skipped></testcase><testcase classname="src.wf_psf.tests.conftest" name="BLACK" time="0.000"><skipped type="pytest.skip" message="file(s) previously passed black format checks">/Users/jenniferpollack/miniconda/envs/wf-psf/lib/python3.10/site-packages/pytest_black.py:67: file(s) previously passed black format checks</skipped></testcase><testcase classname="src.wf_psf.tests.metrics_test" name="BLACK" time="0.000"><skipped type="pytest.skip" message="file(s) previously passed black format checks">/Users/jenniferpollack/miniconda/envs/wf-psf/lib/python3.10/site-packages/pytest_black.py:67: file(s) previously passed black format checks</skipped></testcase><testcase classname="src.wf_psf.tests.metrics_test" name="test_eval_metrics_polychromatic_lowres[training_params0]" time="0.000"><skipped type="pytest.skip" message="Requires gpu">/Users/jenniferpollack/Projects/wf-psf/src/wf_psf/tests/metrics_test.py:110: Requires gpu</skipped></testcase><testcase classname="src.wf_psf.tests.metrics_test" name="test_evaluate_metrics_opd[training_params0]" time="0.000"><skipped type="pytest.skip" message="Requires gpu">/Users/jenniferpollack/Projects/wf-psf/src/wf_psf/tests/metrics_test.py:158: Requires gpu</skipped></testcase><testcase classname="src.wf_psf.tests.metrics_test" name="test_eval_metrics_mono_rmse[training_params0]" time="0.000"><skipped type="pytest.skip" message="Requires gpu">/Users/jenniferpollack/Projects/wf-psf/src/wf_psf/tests/metrics_test.py:208: Requires gpu</skipped></testcase><testcase classname="src.wf_psf.tests.metrics_test" name="test_evaluate_metrics_shape[training_params0]" time="0.000"><skipped type="pytest.skip" message="Requires gpu">/Users/jenniferpollack/Projects/wf-psf/src/wf_psf/tests/metrics_test.py:273: Requires gpu</skipped></testcase><testcase classname="src.wf_psf.tests.psf_models_test" name="BLACK" time="0.000"><skipped type="pytest.skip" message="file(s) previously passed black format checks">/Users/jenniferpollack/miniconda/envs/wf-psf/lib/python3.10/site-packages/pytest_black.py:67: file(s) previously passed black format checks</skipped></testcase><testcase classname="src.wf_psf.tests.psf_models_test" name="test_get_psf_model_weights_filepath" time="0.001" /><testcase classname="src.wf_psf.tests.train_test" name="BLACK" time="0.000"><skipped type="pytest.skip" message="file(s) previously passed black format checks">/Users/jenniferpollack/miniconda/envs/wf-psf/lib/python3.10/site-packages/pytest_black.py:67: file(s) previously passed black format checks</skipped></testcase><testcase classname="src.wf_psf.tests.train_test" name="test_train[training_params0]" time="0.000"><skipped type="pytest.skip" message="Requires gpu">/Users/jenniferpollack/Projects/wf-psf/src/wf_psf/tests/train_test.py:69: Requires gpu</skipped></testcase><testcase classname="src.wf_psf.tests.test_utils.configs_handler_test" name="BLACK" time="0.000"><skipped type="pytest.skip" message="file(s) previously passed black format checks">/Users/jenniferpollack/miniconda/envs/wf-psf/lib/python3.10/site-packages/pytest_black.py:67: file(s) previously passed black format checks</skipped></testcase><testcase classname="src.wf_psf.tests.test_utils.configs_handler_test" name="test_register_configclass" time="0.000" /><testcase classname="src.wf_psf.tests.test_utils.configs_handler_test" name="test_set_run_config" time="0.000" /><testcase classname="src.wf_psf.tests.test_utils.configs_handler_test" name="test_get_run_config" time="0.001" /><testcase classname="src.wf_psf.tests.test_utils.configs_handler_test" name="test_MetricsConfigHandler_weights_basename_filepath" time="0.016" /><testcase classname="src.wf_psf.tests.test_utils.conftest" name="BLACK" time="0.000"><skipped type="pytest.skip" message="file(s) previously passed black format checks">/Users/jenniferpollack/miniconda/envs/wf-psf/lib/python3.10/site-packages/pytest_black.py:67: file(s) previously passed black format checks</skipped></testcase><testcase classname="src.wf_psf.tests.test_utils.io_test" name="BLACK" time="0.000"><skipped type="pytest.skip" message="file(s) previously passed black format checks">/Users/jenniferpollack/miniconda/envs/wf-psf/lib/python3.10/site-packages/pytest_black.py:67: file(s) previously passed black format checks</skipped></testcase><testcase classname="src.wf_psf.tests.test_utils.io_test" name="test_make_output_dir" time="0.001" /><testcase classname="src.wf_psf.tests.test_utils.io_test" name="test_make_run_dir" time="0.001" /><testcase classname="src.wf_psf.tests.test_utils.io_test" name="test_setup_dirs" time="0.001" /><testcase classname="src.wf_psf.training.__init__" name="BLACK" time="0.000"><skipped type="pytest.skip" message="file(s) previously passed black format checks">/Users/jenniferpollack/miniconda/envs/wf-psf/lib/python3.10/site-packages/pytest_black.py:67: file(s) previously passed black format checks</skipped></testcase><testcase classname="src.wf_psf.training.train" name="BLACK" time="0.000"><skipped type="pytest.skip" message="file(s) previously passed black format checks">/Users/jenniferpollack/miniconda/envs/wf-psf/lib/python3.10/site-packages/pytest_black.py:67: file(s) previously passed black format checks</skipped></testcase><testcase classname="src.wf_psf.training.train_utils" name="BLACK" time="0.000"><skipped type="pytest.skip" message="file(s) previously passed black format checks">/Users/jenniferpollack/miniconda/envs/wf-psf/lib/python3.10/site-packages/pytest_black.py:67: file(s) previously passed black format checks</skipped></testcase><testcase classname="src.wf_psf.utils.__init__" name="BLACK" time="0.000"><skipped type="pytest.skip" message="file(s) previously passed black format checks">/Users/jenniferpollack/miniconda/envs/wf-psf/lib/python3.10/site-packages/pytest_black.py:67: file(s) previously passed black format checks</skipped></testcase><testcase classname="src.wf_psf.utils.configs_handler" name="BLACK" time="0.152" /><testcase classname="src.wf_psf.utils.graph_utils" name="BLACK" time="0.000"><skipped type="pytest.skip" message="file(s) previously passed black format checks">/Users/jenniferpollack/miniconda/envs/wf-psf/lib/python3.10/site-packages/pytest_black.py:67: file(s) previously passed black format checks</skipped></testcase><testcase classname="src.wf_psf.utils.io" name="BLACK" time="0.000"><skipped type="pytest.skip" message="file(s) previously passed black format checks">/Users/jenniferpollack/miniconda/envs/wf-psf/lib/python3.10/site-packages/pytest_black.py:67: file(s) previously passed black format checks</skipped></testcase><testcase classname="src.wf_psf.utils.read_config" name="BLACK" time="0.000"><skipped type="pytest.skip" message="file(s) previously passed black format checks">/Users/jenniferpollack/miniconda/envs/wf-psf/lib/python3.10/site-packages/pytest_black.py:67: file(s) previously passed black format checks</skipped></testcase><testcase classname="src.wf_psf.utils.utils" name="BLACK" time="0.001"><skipped type="pytest.skip" message="file(s) previously passed black format checks">/Users/jenniferpollack/miniconda/envs/wf-psf/lib/python3.10/site-packages/pytest_black.py:67: file(s) previously passed black format checks</skipped></testcase></testsuite></testsuites>